2021-02-08 11:55:08.632  INFO 19140 --- [main] com.example.demo.SareetaApplication      : Starting SareetaApplication using Java 15 on ELGEOR-PC with PID 19140 (E:\Users\Elgeor\Documents\Udacity\Java Web Developer\Pr4. eCommerce\target\classes started by lefis in E:\Users\Elgeor\Documents\Udacity\Java Web Developer\Pr4. eCommerce)
2021-02-08 11:55:08.643  INFO 19140 --- [main] com.example.demo.SareetaApplication      : No active profile set, falling back to default profiles: default
2021-02-08 11:55:12.018  INFO 19140 --- [main] .s.d.r.c.RepositoryConfigurationDelegate : Bootstrapping Spring Data JPA repositories in DEFAULT mode.
2021-02-08 11:55:12.471  INFO 19140 --- [main] .s.d.r.c.RepositoryConfigurationDelegate : Finished Spring Data repository scanning in 352 ms. Found 4 JPA repository interfaces.
2021-02-08 11:55:16.472  INFO 19140 --- [main] o.s.b.w.embedded.tomcat.TomcatWebServer  : Tomcat initialized with port(s): 8090 (http)
2021-02-08 11:55:16.506  INFO 19140 --- [main] o.apache.catalina.core.StandardService   : Starting service [Tomcat]
2021-02-08 11:55:16.507  INFO 19140 --- [main] org.apache.catalina.core.StandardEngine  : Starting Servlet engine: [Apache Tomcat/9.0.41]
2021-02-08 11:55:17.229  INFO 19140 --- [main] o.a.c.c.C.[Tomcat].[localhost].[/]       : Initializing Spring embedded WebApplicationContext
2021-02-08 11:55:17.230  INFO 19140 --- [main] w.s.c.ServletWebServerApplicationContext : Root WebApplicationContext: initialization completed in 8024 ms
2021-02-08 11:55:18.121  INFO 19140 --- [main] o.hibernate.jpa.internal.util.LogHelper  : HHH000204: Processing PersistenceUnitInfo [name: default]
2021-02-08 11:55:18.410  INFO 19140 --- [main] org.hibernate.Version                    : HHH000412: Hibernate ORM core version 5.4.27.Final
2021-02-08 11:55:18.972  INFO 19140 --- [main] o.hibernate.annotations.common.Version   : HCANN000001: Hibernate Commons Annotations {5.1.2.Final}
2021-02-08 11:55:19.632  INFO 19140 --- [main] com.zaxxer.hikari.HikariDataSource       : HikariPool-1 - Starting...
2021-02-08 11:55:20.309  INFO 19140 --- [main] com.zaxxer.hikari.HikariDataSource       : HikariPool-1 - Start completed.
2021-02-08 11:55:20.362  INFO 19140 --- [main] org.hibernate.dialect.Dialect            : HHH000400: Using dialect: org.hibernate.dialect.H2Dialect
2021-02-08 11:55:23.832  INFO 19140 --- [main] o.h.e.t.j.p.i.JtaPlatformInitiator       : HHH000490: Using JtaPlatform implementation: [org.hibernate.engine.transaction.jta.platform.internal.NoJtaPlatform]
2021-02-08 11:55:23.853  INFO 19140 --- [main] j.LocalContainerEntityManagerFactoryBean : Initialized JPA EntityManagerFactory for persistence unit 'default'
2021-02-08 11:55:25.381  WARN 19140 --- [main] JpaBaseConfiguration$JpaWebConfiguration : spring.jpa.open-in-view is enabled by default. Therefore, database queries may be performed during view rendering. Explicitly configure spring.jpa.open-in-view to disable this warning
2021-02-08 11:55:27.165  INFO 19140 --- [main] o.s.s.web.DefaultSecurityFilterChain     : Will secure any request with [org.springframework.security.web.context.request.async.WebAsyncManagerIntegrationFilter@5b71af0d, org.springframework.security.web.context.SecurityContextPersistenceFilter@7cdb05aa, org.springframework.security.web.header.HeaderWriterFilter@d0e4972, org.springframework.web.filter.CorsFilter@fb42c1c, org.springframework.security.web.authentication.logout.LogoutFilter@38a27ace, com.example.demo.security.JWTAuthenticationFilter@4edde05c, com.example.demo.security.JWTAuthenticationVerficationFilter@2911db81, org.springframework.security.web.savedrequest.RequestCacheAwareFilter@77401977, org.springframework.security.web.servletapi.SecurityContextHolderAwareRequestFilter@63318b56, org.springframework.security.web.authentication.AnonymousAuthenticationFilter@7fce1069, org.springframework.security.web.session.SessionManagementFilter@6556471b, org.springframework.security.web.access.ExceptionTranslationFilter@7c200e57, org.springframework.security.web.access.intercept.FilterSecurityInterceptor@64381526]
2021-02-08 11:55:27.321  INFO 19140 --- [main] o.s.s.concurrent.ThreadPoolTaskExecutor  : Initializing ExecutorService 'applicationTaskExecutor'
2021-02-08 11:55:27.787  INFO 19140 --- [main] o.s.b.w.embedded.tomcat.TomcatWebServer  : Tomcat started on port(s): 8090 (http) with context path ''
2021-02-08 11:55:27.812  INFO 19140 --- [main] com.example.demo.SareetaApplication      : Started SareetaApplication in 21.573 seconds (JVM running for 24.023)
2021-02-08 11:55:44.248  INFO 19140 --- [http-nio-8090-exec-2] o.a.c.c.C.[Tomcat].[localhost].[/]       : Initializing Spring DispatcherServlet 'dispatcherServlet'
2021-02-08 11:55:44.248  INFO 19140 --- [http-nio-8090-exec-2] o.s.web.servlet.DispatcherServlet        : Initializing Servlet 'dispatcherServlet'
2021-02-08 11:55:44.251  INFO 19140 --- [http-nio-8090-exec-2] o.s.web.servlet.DispatcherServlet        : Completed initialization in 2 ms
2021-02-08 11:55:45.454  INFO 19140 --- [http-nio-8090-exec-2] c.e.demo.controllers.UserController      : User created
2021-02-08 11:55:48.458 ERROR 19140 --- [http-nio-8090-exec-3] c.e.demo.controllers.UserController      : Error - Unable to create user
2021-02-08 11:57:10.462  INFO 19140 --- [http-nio-8090-exec-5] c.e.demo.controllers.UserController      : User created
2021-02-08 11:58:39.951 ERROR 19140 --- [http-nio-8090-exec-10] c.e.demo.controllers.OrderController     : Error - User null unable to submit order
2021-02-08 11:58:50.808  INFO 19140 --- [http-nio-8090-exec-1] c.e.demo.controllers.OrderController     : Order created
2021-02-08 11:59:14.973  INFO 19140 --- [http-nio-8090-exec-2] c.e.demo.controllers.OrderController     : Get order history
